MIF/HEX Update report for CPUDesignProject
Sat Mar 11 12:06:57 2023
Quartus II 64-Bit Version 13.0.1 Build 232 06/12/2013 Service Pack 1 SJ Full Version


---------------------
; Table of Contents ;
---------------------
  1. Legal Notice
  2. MIF/HEX Update Summary
  3. MIF/HEX Update Processed Files
  4. MIF/HEX Update Messages



----------------
; Legal Notice ;
----------------
Copyright (C) 1991-2013 Altera Corporation
Your use of Altera Corporation's design tools, logic functions 
and other software and tools, and its AMPP partner logic 
functions, and any output files from any of the foregoing 
(including device programming or simulation files), and any 
associated documentation or information are expressly subject 
to the terms and conditions of the Altera Program License 
Subscription Agreement, Altera MegaCore Function License 
Agreement, or other applicable license agreement, including, 
without limitation, that your use is for the sole purpose of 
programming logic devices manufactured by Altera and sold by 
Altera or its authorized distributors.  Please refer to the 
applicable agreement for further details.



+---------------------------------------------------------------+
; MIF/HEX Update Summary                                        ;
+-----------------------+---------------------------------------+
; MIF/HEX Update Status ; Successful - Sat Mar 11 12:06:57 2023 ;
; Revision Name         ; CPUDesignProject                      ;
; Top-level Entity Name ; CPUDesignProject                      ;
; Family                ; Cyclone III                           ;
; Device                ; EP3C16F484C8                          ;
+-----------------------+---------------------------------------+


+---------------------------------------------------------------------------------------------------+
; MIF/HEX Update Processed Files                                                                    ;
+---------------------------------------------------------------------------------------------------+
; File Name                                                                                         ;
+---------------------------------------------------------------------------------------------------+
; C:/Users/Luka/Documents/Queens/Third Year/ELEC 374/CPU-Design/QuartusProject/ELEC_374/ramTest.mif ;
+---------------------------------------------------------------------------------------------------+


+-------------------------+
; MIF/HEX Update Messages ;
+-------------------------+
Info: *******************************************************************
Info: Running Quartus II 64-Bit MIF/HEX Update
    Info: Version 13.0.1 Build 232 06/12/2013 Service Pack 1 SJ Full Version
    Info: Processing started: Sat Mar 11 12:06:52 2023
Info: Command: quartus_cdb CPUDesignProject -c CPUDesignProject --update_mif
Info (39024): Processed the following Memory Initialization File(s)
    Info (39025): Processed Memory Initialization File C:/Users/Luka/Documents/Queens/Third Year/ELEC 374/CPU-Design/QuartusProject/ELEC_374/ramTest.mif
Info: Quartus II 64-Bit MIF/HEX Update was successful. 0 errors, 0 warnings
    Info: Peak virtual memory: 4600 megabytes
    Info: Processing ended: Sat Mar 11 12:06:57 2023
    Info: Elapsed time: 00:00:05
    Info: Total CPU time (on all processors): 00:00:02


